DynXloaderService/proguard/seeds.txt
com.tencent.qrom.dynxloader.BootBroadcastReceiver
com.tencent.qrom.dynxloader.BootBroadcastReceiver: BootBroadcastReceiver()
com.tencent.qrom.dynxloader.DynXloaderService
com.tencent.qrom.dynxloader.DynXloaderService: DynXloaderService()
com.tencent.qrom.dynxloader.R$dimen: int activity_horizontal_margin
com.tencent.qrom.dynxloader.R$dimen: int activity_vertical_margin
com.tencent.qrom.dynxloader.R$drawable: int ic_launcher
com.tencent.qrom.dynxloader.R$string: int action_settings
com.tencent.qrom.dynxloader.R$string: int app_name
com.tencent.qrom.dynxloader.R$string: int hello_world
...
android.support.v4.view.ViewCompatICS
android.support.v4.view.ViewCompatICS: ViewCompatICS()
android.support.v4.view.ViewCompatICS: boolean canScrollHorizontally(android.view.View,int)
android.support.v4.view.ViewCompatICS: boolean canScrollVertically(android.view.View,int)
android.support.v4.view.ViewCompatICS: void setAccessibilityDelegate(android.view.View,java.lang.Object)
android.support.v4.view.ViewCompatICS: void onPopulateAccessibilityEvent(android.view.View,android.view.accessibility.AccessibilityEvent)
android.support.v4.view.ViewCompatICS: void onInitializeAccessibilityEvent(android.view.View,android.view.accessibility.AccessibilityEvent)
android.support.v4.view.ViewCompatICS: void onInitializeAccessibilityNodeInfo(android.view.View,java.lang.Object)
android.support.v4.view.ViewCompatJB
android.support.v4.view.ViewCompatJB: ViewCompatJB()
android.support.v4.view.ViewCompatJB: boolean hasTransientState(android.view.View)
android.support.v4.view.ViewCompatJB: void setHasTransientState(android.view.View,boolean)
android.support.v4.view.ViewCompatJB: void postInvalidateOnAnimation(android.view.View)
android.support.v4.view.ViewCompatJB: void postInvalidateOnAnimation(android.view.View,int,int,int,int)
android.support.v4.view.ViewCompatJB: void postOnAnimation(android.view.View,java.lang.Runnable)
android.support.v4.view.ViewCompatJB: void postOnAnimationDelayed(android.view.View,java.lang.Runnable,long)
android.support.v4.view.ViewCompatJB: int getImportantForAccessibility(android.view.View)
android.support.v4.view.ViewCompatJB: void setImportantForAccessibility(android.view.View,int)
android.support.v4.view.ViewCompatJB: boolean performAccessibilityAction(android.view.View,int,android.os.Bundle)
android.support.v4.view.ViewCompatJB: java.lang.Object getAccessibilityNodeProvider(android.view.View)
android.support.v4.view.ViewCompatJB: android.view.ViewParent getParentForAccessibility(android.view.View)
android.support.v4.view.ViewCompatJellybeanMr1
android.support.v4.view.ViewCompatJellybeanMr1: ViewCompatJellybeanMr1()
android.support.v4.view.ViewCompatJellybeanMr1: int getLabelFor(android.view.View)
android.support.v4.view.ViewCompatJellybeanMr1: void setLabelFor(android.view.View,int)
android.support.v4.view.ViewCompatJellybeanMr1: void setLayerPaint(android.view.View,android.graphics.Paint)
android.support.v4.view.ViewCompatJellybeanMr1: int getLayoutDirection(android.view.View)
android.support.v4.view.ViewCompatJellybeanMr1: void setLayoutDirection(android.view.View,int)
android.support.v4.view.ViewCompatKitKat
android.support.v4.view.ViewCompatKitKat: ViewCompatKitKat()
android.support.v4.view.ViewCompatKitKat: int getAccessibilityLiveRegion(android.view.View)
android.support.v4.view.ViewCompatKitKat: void setAccessibilityLiveRegion(android.view.View,int)
android.support.v4.view.ViewConfigurationCompat
android.support.v4.view.ViewConfigurationCompat: android.support.v4.view.ViewConfigurationCompat$ViewConfigurationVersionImpl IMPL
android.support.v4.view.ViewConfigurationCompat: ViewConfigurationCompat()
android.support.v4.view.ViewConfigurationCompat: int getScaledPagingTouchSlop(android.view.ViewConfiguration)
android.support.v4.view.ViewConfigurationCompat: void <clinit>()
android.support.v4.view.ViewConfigurationCompat$BaseViewConfigurationVersionImpl
android.support.v4.view.ViewConfigurationCompat$BaseViewConfigurationVersionImpl: ViewConfigurationCompat$BaseViewConfigurationVersionImpl()
android.support.v4.view.ViewConfigurationCompat$BaseViewConfigurationVersionImpl: int getScaledPagingTouchSlop(android.view.ViewConfiguration)