DynXloaderService/proguard/mapping.txt
com.tencent.qrom.dynxloader.AssetsHelper -> com.tencent.qrom.dynxloader.a:
    boolean extraceToLocal(android.content.Context,java.lang.String,java.lang.String) -> a
com.tencent.qrom.dynxloader.BootBroadcastReceiver -> com.tencent.qrom.dynxloader.BootBroadcastReceiver:
    void onReceive(android.content.Context,android.content.Intent) -> onReceive
com.tencent.qrom.dynxloader.DynXloaderSDK.IDynXloaderService -> com.tencent.qrom.dynxloader.a.a:
    int addModule(java.lang.String,java.lang.String,java.lang.String) -> a
    int removeModule(java.lang.String,java.lang.String) -> a
com.tencent.qrom.dynxloader.DynXloaderSDK.IDynXloaderService$Stub -> com.tencent.qrom.dynxloader.a.b:
    android.os.IBinder asBinder() -> asBinder
    boolean onTransact(int,android.os.Parcel,android.os.Parcel,int) -> onTransact
com.tencent.qrom.dynxloader.DynXloaderService -> com.tencent.qrom.dynxloader.DynXloaderService:
    com.tencent.qrom.dynxloader.DynXloaderService$DynXloaderServiceImpl mDynXloaderServiceImpl -> b
    com.tencent.qrom.dynxloader.Xloader mXtracer -> a
    android.content.Context mContext -> c
    void onCreate() -> onCreate
    boolean extractBridge() -> a
    boolean extractXandroid() -> b
    void preloadDex(java.lang.String) -> a
    java.lang.String getDexPath(java.lang.String) -> b
    android.os.IBinder onBind(android.content.Intent) -> onBind
    void onDestroy() -> onDestroy
    android.content.Context access$0(com.tencent.qrom.dynxloader.DynXloaderService) -> a
com.tencent.qrom.dynxloader.DynXloaderService$DynXloaderServiceImpl -> com.tencent.qrom.dynxloader.b:
    java.util.ArrayList mModuleList -> a
    java.util.ArrayList mPendingModuleList -> b
    int mCheckNums -> c
    android.os.Handler mHandler -> e
    android.content.BroadcastReceiver mIntentReceiver -> f
    com.tencent.qrom.dynxloader.DynXloaderService this$0 -> d
    int addModule(java.lang.String,java.lang.String,java.lang.String) -> a
    int removeModule(java.lang.String,java.lang.String) -> a
    void sendCmdToXlodaerProcess(java.lang.String,java.lang.String,java.lang.String) -> b
    void writeSharedPreferences() -> a
    void readSharedPreferences() -> b
    boolean queryAllRunningAppInfo(java.lang.String,android.content.Context) -> a
    boolean access$0(com.tencent.qrom.dynxloader.DynXloaderService$DynXloaderServiceImpl,java.lang.String,android.content.Context) -> a
    android.os.Handler access$1(com.tencent.qrom.dynxloader.DynXloaderService$DynXloaderServiceImpl) -> a
    com.tencent.qrom.dynxloader.DynXloaderService access$2(com.tencent.qrom.dynxloader.DynXloaderService$DynXloaderServiceImpl) -> b
com.tencent.qrom.dynxloader.DynXloaderService$DynXloaderServiceImpl$1 -> com.tencent.qrom.dynxloader.c:
    com.tencent.qrom.dynxloader.DynXloaderService$DynXloaderServiceImpl this$1 -> a
    void handleMessage(android.os.Message) -> handleMessage
com.tencent.qrom.dynxloader.DynXloaderService$DynXloaderServiceImpl$2 -> com.tencent.qrom.dynxloader.d:
    com.tencent.qrom.dynxloader.DynXloaderService$DynXloaderServiceImpl this$1 -> a
    void onReceive(android.content.Context,android.content.Intent) -> onReceive
com.tencent.qrom.dynxloader.DynXloaderService$ModuleInfo -> com.tencent.qrom.dynxloader.e:
    java.lang.String pkgName -> a
    java.lang.String processName -> b
    java.lang.String modulePath -> c
com.tencent.qrom.dynxloader.Logger -> com.tencent.qrom.dynxloader.f:
    void d(java.lang.String) -> a
    void d(java.lang.String,java.lang.String) -> a
...
android.support.v4.app.ActionBarDrawerToggleHoneycomb$SetIndicatorInfo -> android.support.v4.app.ActionBarDrawerToggleHoneycomb$SetIndicatorInfo:
    java.lang.reflect.Method setHomeAsUpIndicator -> setHomeAsUpIndicator
    java.lang.reflect.Method setHomeActionContentDescription -> setHomeActionContentDescription
    android.widget.ImageView upIndicatorView -> upIndicatorView
android.support.v4.app.ActivityCompat -> android.support.v4.app.ActivityCompat:
    boolean invalidateOptionsMenu(android.app.Activity) -> invalidateOptionsMenu
    void startActivity(android.app.Activity,android.content.Intent,android.os.Bundle) -> startActivity
    void startActivityForResult(android.app.Activity,android.content.Intent,int,android.os.Bundle) -> startActivityForResult
    void finishAffinity(android.app.Activity) -> finishAffinity
android.support.v4.app.ActivityCompatHoneycomb -> android.support.v4.app.ActivityCompatHoneycomb:
    void invalidateOptionsMenu(android.app.Activity) -> invalidateOptionsMenu
    void dump(android.app.Activity,java.lang.String,java.io.FileDescriptor,java.io.PrintWriter,java.lang.String[]) -> dump
android.support.v4.app.ActivityCompatJB -> android.support.v4.app.ActivityCompatJB:
    void startActivity(android.content.Context,android.content.Intent,android.os.Bundle) -> startActivity
    void startActivityForResult(android.app.Activity,android.content.Intent,int,android.os.Bundle) -> startActivityForResult
    void finishAffinity(android.app.Activity) -> finishAffinity
android.support.v4.app.ActivityOptionsCompat -> android.support.v4.app.ActivityOptionsCompat:
    android.support.v4.app.ActivityOptionsCompat makeCustomAnimation(android.content.Context,int,int) -> makeCustomAnimation
    android.support.v4.app.ActivityOptionsCompat makeScaleUpAnimation(android.view.View,int,int,int,int) -> makeScaleUpAnimation
    android.support.v4.app.ActivityOptionsCompat makeThumbnailScaleUpAnimation(android.view.View,android.graphics.Bitmap,int,int) -> makeThumbnailScaleUpAnimation
    android.os.Bundle toBundle() -> toBundle
    void update(android.support.v4.app.ActivityOptionsCompat) -> update
android.support.v4.app.ActivityOptionsCompat$ActivityOptionsImplJB -> android.support.v4.app.ActivityOptionsCompat$ActivityOptionsImplJB:
    android.support.v4.app.ActivityOptionsCompatJB mImpl -> mImpl
    android.os.Bundle toBundle() -> toBundle
    void update(android.support.v4.app.ActivityOptionsCompat) -> update
android.support.v4.app.ActivityOptionsCompatJB -> android.support.v4.app.ActivityOptionsCompatJB:
    android.app.ActivityOptions mActivityOptions -> mActivityOptions
    android.support.v4.app.ActivityOptionsCompatJB makeCustomAnimation(android.content.Context,int,int) -> makeCustomAnimation
    android.support.v4.app.ActivityOptionsCompatJB makeScaleUpAnimation(android.view.View,int,int,int,int) -> makeScaleUpAnimation
    android.support.v4.app.ActivityOptionsCompatJB makeThumbnailScaleUpAnimation(android.view.View,android.graphics.Bitmap,int,int) -> makeThumbnailScaleUpAnimation
    android.os.Bundle toBundle() -> toBundle
    void update(android.support.v4.app.ActivityOptionsCompatJB) -> update