DynXloaderService/proguard/usage.txt
com.tencent.qrom.dynxloader.AssetsHelper:
    12:12:public AssetsHelper()
com.tencent.qrom.dynxloader.BuildConfig
com.tencent.qrom.dynxloader.DynXloaderSDK.DynXloaderServiceProxy
com.tencent.qrom.dynxloader.DynXloaderSDK.DynXloaderServiceProxy$1
com.tencent.qrom.dynxloader.DynXloaderSDK.DynXloaderServiceProxy$RetryThread
com.tencent.qrom.dynxloader.DynXloaderSDK.IDynXloaderService$Stub:
    private static final java.lang.String DESCRIPTOR
    static final int TRANSACTION_addModule
    static final int TRANSACTION_removeModule
    23:30:public static com.tencent.qrom.dynxloader.DynXloaderSDK.IDynXloaderService asInterface(android.os.IBinder)
com.tencent.qrom.dynxloader.DynXloaderSDK.IDynXloaderService$Stub$Proxy
com.tencent.qrom.dynxloader.DynXloaderService:
    public static final java.lang.String ACTION_AMS_START_PROCESS
    private static final java.lang.String PREFERENCE_NAME
    private static final java.lang.String FIRST_BOOT
    private static final java.lang.String XBRIDGE_DEX_NAME
    private static final java.lang.String XLOADER_SYSTEM_DEX_NAME
com.tencent.qrom.dynxloader.DynXloaderService$DynXloaderServiceImpl:
    private static final int CHECP_PROCESS_WHETHER_EXIST
    private static final int XLOADER_SYSTEM_SERVER_STARTPROCESS
com.tencent.qrom.dynxloader.Logger:
    private static final boolean ENABLE_LOG
    private static final java.lang.String LOG_TAG
    19:20:private Logger()
    28:30:public static void v(java.lang.String)
    40:42:public static void v(java.lang.String,java.lang.String)
    53:55:public static void v(java.lang.String,java.lang.String,java.lang.Throwable)
    88:90:public static void d(java.lang.String,java.lang.String,java.lang.Throwable)
    100:102:public static void i(java.lang.String,java.lang.String)
    113:115:public static void i(java.lang.String,java.lang.String,java.lang.Throwable)
    125:127:public static void w(java.lang.String,java.lang.String)
    138:140:public static void w(java.lang.String,java.lang.String,java.lang.Throwable)
    146:146:public static boolean isLogEnabled()
    154:154:public static int e(java.lang.String)
    164:164:public static int e(java.lang.String,java.lang.String)
    175:175:public static int e(java.lang.String,java.lang.String,java.lang.Throwable)
com.tencent.qrom.dynxloader.R
com.tencent.qrom.dynxloader.R$attr
com.tencent.qrom.dynxloader.R$dimen
com.tencent.qrom.dynxloader.R$drawable
com.tencent.qrom.dynxloader.R$string
com.tencent.qrom.dynxloader.Xloader:
    private static final java.lang.String TAG
    private static final boolean LOCAL_DEBUG
    197:200:public boolean ping()
com.tencent.qrom.dynxloader.XloaderReceiver
com.tencent.qrom.dynxloader.XloaderReceiver$1